# JRE version: Java(TM) SE Runtime Environment (7.0_67-b01) (build 1.7.0_67-b01)
# Java VM: Java HotSpot(TM) 64-Bit Server VM (24.65-b04 mixed mode windows-amd64 compressed oops)
Heap
 PSYoungGen      total 312320K, used 298381K [0x00000000eaa80000, 0x0000000100000000, 0x0000000100000000)
  eden space 294400K, 95% used [0x00000000eaa80000,0x00000000fbde2cb0,0x00000000fca00000)
  from space 17920K, 91% used [0x00000000fee80000,0x00000000ffe808c8,0x0000000100000000)
  to   space 27648K, 0% used [0x00000000fca00000,0x00000000fca00000,0x00000000fe500000)
 ParOldGen       total 87040K, used 52503K [0x00000000c0000000, 0x00000000c5500000, 0x00000000eaa80000)
  object space 87040K, 60% used [0x00000000c0000000,0x00000000c3345f40,0x00000000c5500000)
 PSPermGen       total 93184K, used 49876K [0x00000000b0000000, 0x00000000b5b00000, 0x00000000c0000000)
  object space 93184K, 53% used [0x00000000b0000000,0x00000000b30b5260,0x00000000b5b00000)
GC Heap History (10 events):
Event: 51.879 GC heap before
{Heap before GC invocations=11 (full 0):
 PSYoungGen      total 224256K, used 224235K [0x00000000eaa80000, 0x00000000f9700000, 0x0000000100000000)
  eden space 214016K, 100% used [0x00000000eaa80000,0x00000000f7b80000,0x00000000f7b80000)
  from space 10240K, 99% used [0x00000000f8800000,0x00000000f91fac50,0x00000000f9200000)
  to   space 12800K, 0% used [0x00000000f7b80000,0x00000000f7b80000,0x00000000f8800000)
 ParOldGen       total 87040K, used 16868K [0x00000000c0000000, 0x00000000c5500000, 0x00000000eaa80000)
  object space 87040K, 19% used [0x00000000c0000000,0x00000000c1079138,0x00000000c5500000)
 PSPermGen       total 30208K, used 30062K [0x00000000b0000000, 0x00000000b1d80000, 0x00000000c0000000)
  object space 30208K, 99% used [0x00000000b0000000,0x00000000b1d5bad8,0x00000000b1d80000)
Event: 51.904 GC heap after
Heap after GC invocations=11 (full 0):
 PSYoungGen      total 226816K, used 2641K [0x00000000eaa80000, 0x0000000100000000, 0x0000000100000000)
  eden space 214016K, 0% used [0x00000000eaa80000,0x00000000eaa80000,0x00000000f7b80000)
  from space 12800K, 20% used [0x00000000f7b80000,0x00000000f7e14558,0x00000000f8800000)
  to   space 12800K, 0% used [0x00000000ff380000,0x00000000ff380000,0x0000000100000000)
 ParOldGen       total 87040K, used 22693K [0x00000000c0000000, 0x00000000c5500000, 0x00000000eaa80000)
  object space 87040K, 26% used [0x00000000c0000000,0x00000000c1629698,0x00000000c5500000)
 PSPermGen       total 30208K, used 30062K [0x00000000b0000000, 0x00000000b1d80000, 0x00000000c0000000)
  object space 30208K, 99% used [0x00000000b0000000,0x00000000b1d5bad8,0x00000000b1d80000)
}
Event: 66.663 GC heap before
{Heap before GC invocations=12 (full 0):
 PSYoungGen      total 226816K, used 216657K [0x00000000eaa80000, 0x0000000100000000, 0x0000000100000000)
  eden space 214016K, 100% used [0x00000000eaa80000,0x00000000f7b80000,0x00000000f7b80000)
  from space 12800K, 20% used [0x00000000f7b80000,0x00000000f7e14558,0x00000000f8800000)
  to   space 12800K, 0% used [0x00000000ff380000,0x00000000ff380000,0x0000000100000000)
 ParOldGen       total 87040K, used 22693K [0x00000000c0000000, 0x00000000c5500000, 0x00000000eaa80000)
  object space 87040K, 26% used [0x00000000c0000000,0x00000000c1629698,0x00000000c5500000)
 PSPermGen       total 39424K, used 39089K [0x00000000b0000000, 0x00000000b2680000, 0x00000000c0000000)
  object space 39424K, 99% used [0x00000000b0000000,0x00000000b262c598,0x00000000b2680000)
Event: 67.125 GC heap after
Heap after GC invocations=12 (full 0):
 PSYoungGen      total 326656K, used 12791K [0x00000000eaa80000, 0x0000000100000000, 0x0000000100000000)
  eden space 313856K, 0% used [0x00000000eaa80000,0x00000000eaa80000,0x00000000fdd00000)
  from space 12800K, 99% used [0x00000000ff380000,0x00000000ffffdca0,0x0000000100000000)
  to   space 17920K, 0% used [0x00000000fdd00000,0x00000000fdd00000,0x00000000fee80000)
 ParOldGen       total 87040K, used 31979K [0x00000000c0000000, 0x00000000c5500000, 0x00000000eaa80000)
  object space 87040K, 36% used [0x00000000c0000000,0x00000000c1f3ac28,0x00000000c5500000)
 PSPermGen       total 39424K, used 39089K [0x00000000b0000000, 0x00000000b2680000, 0x00000000c0000000)
  object space 39424K, 99% used [0x00000000b0000000,0x00000000b262c598,0x00000000b2680000)
}
Event: 78.710 GC heap before
{Heap before GC invocations=13 (full 0):
 PSYoungGen      total 326656K, used 241573K [0x00000000eaa80000, 0x0000000100000000, 0x0000000100000000)
  eden space 313856K, 72% used [0x00000000eaa80000,0x00000000f89eba08,0x00000000fdd00000)
  from space 12800K, 99% used [0x00000000ff380000,0x00000000ffffdca0,0x0000000100000000)
  to   space 17920K, 0% used [0x00000000fdd00000,0x00000000fdd00000,0x00000000fee80000)
 ParOldGen       total 87040K, used 31979K [0x00000000c0000000, 0x00000000c5500000, 0x00000000eaa80000)
  object space 87040K, 36% used [0x00000000c0000000,0x00000000c1f3ac28,0x00000000c5500000)
 PSPermGen       total 47104K, used 46659K [0x00000000b0000000, 0x00000000b2e00000, 0x00000000c0000000)
  object space 47104K, 99% used [0x00000000b0000000,0x00000000b2d90fe0,0x00000000b2e00000)
Event: 78.809 GC heap after
Heap after GC invocations=13 (full 0):
 PSYoungGen      total 331776K, used 17915K [0x00000000eaa80000, 0x0000000100000000, 0x0000000100000000)
  eden space 313856K, 0% used [0x00000000eaa80000,0x00000000eaa80000,0x00000000fdd00000)
  from space 17920K, 99% used [0x00000000fdd00000,0x00000000fee7eca0,0x00000000fee80000)
  to   space 17920K, 0% used [0x00000000fee80000,0x00000000fee80000,0x0000000100000000)
 ParOldGen       total 87040K, used 48728K [0x00000000c0000000, 0x00000000c5500000, 0x00000000eaa80000)
  object space 87040K, 55% used [0x00000000c0000000,0x00000000c2f960a0,0x00000000c5500000)
 PSPermGen       total 47104K, used 46659K [0x00000000b0000000, 0x00000000b2e00000, 0x00000000c0000000)
  object space 47104K, 99% used [0x00000000b0000000,0x00000000b2d90fe0,0x00000000b2e00000)
}
Event: 78.809 GC heap before
{Heap before GC invocations=14 (full 1):
 PSYoungGen      total 331776K, used 17915K [0x00000000eaa80000, 0x0000000100000000, 0x0000000100000000)
  eden space 313856K, 0% used [0x00000000eaa80000,0x00000000eaa80000,0x00000000fdd00000)
  from space 17920K, 99% used [0x00000000fdd00000,0x00000000fee7eca0,0x00000000fee80000)
  to   space 17920K, 0% used [0x00000000fee80000,0x00000000fee80000,0x0000000100000000)
 ParOldGen       total 87040K, used 48728K [0x00000000c0000000, 0x00000000c5500000, 0x00000000eaa80000)
  object space 87040K, 55% used [0x00000000c0000000,0x00000000c2f960a0,0x00000000c5500000)
 PSPermGen       total 47104K, used 46659K [0x00000000b0000000, 0x00000000b2e00000, 0x00000000c0000000)
  object space 47104K, 99% used [0x00000000b0000000,0x00000000b2d90fe0,0x00000000b2e00000)
Event: 79.887 GC heap after
Heap after GC invocations=14 (full 1):
 PSYoungGen      total 331776K, used 0K [0x00000000eaa80000, 0x0000000100000000, 0x0000000100000000)
  eden space 313856K, 0% used [0x00000000eaa80000,0x00000000eaa80000,0x00000000fdd00000)
  from space 17920K, 0% used [0x00000000fdd00000,0x00000000fdd00000,0x00000000fee80000)
  to   space 17920K, 0% used [0x00000000fee80000,0x00000000fee80000,0x0000000100000000)
 ParOldGen       total 87040K, used 52503K [0x00000000c0000000, 0x00000000c5500000, 0x00000000eaa80000)
  object space 87040K, 60% used [0x00000000c0000000,0x00000000c3345f40,0x00000000c5500000)
 PSPermGen       total 93184K, used 46477K [0x00000000b0000000, 0x00000000b5b00000, 0x00000000c0000000)
  object space 93184K, 49% used [0x00000000b0000000,0x00000000b2d635b0,0x00000000b5b00000)
}
Event: 101.447 GC heap before
{Heap before GC invocations=15 (full 1):
 PSYoungGen      total 331776K, used 313856K [0x00000000eaa80000, 0x0000000100000000, 0x0000000100000000)
  eden space 313856K, 100% used [0x00000000eaa80000,0x00000000fdd00000,0x00000000fdd00000)
  from space 17920K, 0% used [0x00000000fdd00000,0x00000000fdd00000,0x00000000fee80000)
  to   space 17920K, 0% used [0x00000000fee80000,0x00000000fee80000,0x0000000100000000)
 ParOldGen       total 87040K, used 52503K [0x00000000c0000000, 0x00000000c5500000, 0x00000000eaa80000)
  object space 87040K, 60% used [0x00000000c0000000,0x00000000c3345f40,0x00000000c5500000)
 PSPermGen       total 93184K, used 48894K [0x00000000b0000000, 0x00000000b5b00000, 0x00000000c0000000)
  object space 93184K, 52% used [0x00000000b0000000,0x00000000b2fbfb60,0x00000000b5b00000)
Event: 101.532 GC heap after
Heap after GC invocations=15 (full 1):
 PSYoungGen      total 312320K, used 16386K [0x00000000eaa80000, 0x0000000100000000, 0x0000000100000000)
  eden space 294400K, 0% used [0x00000000eaa80000,0x00000000eaa80000,0x00000000fca00000)
  from space 17920K, 91% used [0x00000000fee80000,0x00000000ffe808c8,0x0000000100000000)
  to   space 27648K, 0% used [0x00000000fca00000,0x00000000fca00000,0x00000000fe500000)
 ParOldGen       total 87040K, used 52503K [0x00000000c0000000, 0x00000000c5500000, 0x00000000eaa80000)
  object space 87040K, 60% used [0x00000000c0000000,0x00000000c3345f40,0x00000000c5500000)
 PSPermGen       total 93184K, used 48894K [0x00000000b0000000, 0x00000000b5b00000, 0x00000000c0000000)
  object space 93184K, 52% used [0x00000000b0000000,0x00000000b2fbfb60,0x00000000b5b00000)
}

